2026-04-14 11:41:28,254 - pyswarms.single.global_best - INFO - Optimize for 1000 iters with {'c1': 0.5, 'c2': 0.3, 'w': 0.9}
2026-04-14 11:41:57,616 - pyswarms.single.global_best - INFO - Optimize for 1000 iters with {'c1': 0.5, 'c2': 0.3, 'w': 0.9}
2026-04-14 11:45:52,545 - pyswarms.single.global_best - INFO - Optimize for 1000 iters with {'c1': 0.5, 'c2': 0.3, 'w': 0.9}
2026-04-14 11:48:32,308 - pyswarms.single.global_best - INFO - Optimize for 1000 iters with {'c1': 0.5, 'c2': 0.3, 'w': 0.9}
2026-04-14 11:51:13,594 - pyswarms.single.global_best - INFO - Optimize for 1000 iters with {'c1': 0.5, 'c2': 0.3, 'w': 0.9}
2026-04-14 12:20:58,473 - pyswarms.single.global_best - INFO - Optimize for 1000 iters with {'c1': 0.5, 'c2': 0.3, 'w': 0.9}
2026-04-14 12:23:03,272 - pyswarms.single.global_best - INFO - Optimize for 1000 iters with {'c1': 0.5, 'c2': 0.3, 'w': 0.9}
2026-04-14 12:29:36,221 - pyswarms.single.global_best - INFO - Optimize for 1000 iters with {'c1': 0.5, 'c2': 0.3, 'w': 0.9}
2026-04-14 12:30:15,577 - pyswarms.single.global_best - INFO - Optimize for 1000 iters with {'c1': 0.5, 'c2': 0.3, 'w': 0.9}
2026-04-14 12:34:49,845 - pyswarms.single.global_best - INFO - Optimize for 1000 iters with {'c1': 0.5, 'c2': 0.3, 'w': 0.9}
2026-04-14 12:38:32,592 - pyswarms.single.global_best - INFO - Optimize for 1000 iters with {'c1': 0.5, 'c2': 0.3, 'w': 0.9}
2026-04-14 12:57:51,345 - pyswarms.single.global_best - INFO - Optimize for 1000 iters with {'c1': 0.5, 'c2': 0.3, 'w': 0.9}
2026-04-14 12:58:28,967 - pyswarms.single.global_best - INFO - Optimize for 1000 iters with {'c1': 0.5, 'c2': 0.3, 'w': 0.9}
2026-04-14 12:58:46,804 - pyswarms.single.global_best - INFO - Optimize for 1000 iters with {'c1': 0.5, 'c2': 0.3, 'w': 0.9}
2026-04-14 14:37:18,360 - pyswarms.single.global_best - INFO - Optimize for 1000 iters with {'c1': 0.5, 'c2': 0.3, 'w': 0.9}
2026-04-14 14:46:11,839 - pyswarms.single.global_best - INFO - Optimize for 1000 iters with {'c1': 0.5, 'c2': 0.3, 'w': 0.9}
2026-04-14 14:53:01,492 - pyswarms.single.global_best - INFO - Optimize for 1000 iters with {'c1': 0.5, 'c2': 0.3, 'w': 0.9}
2026-04-14 16:38:06,868 - pyswarms.single.global_best - INFO - Optimize for 1000 iters with {'c1': 0.5, 'c2': 0.3, 'w': 0.9}
2026-04-14 16:39:21,059 - pyswarms.single.global_best - INFO - Optimize for 1000 iters with {'c1': 0.5, 'c2': 0.3, 'w': 0.9}
2026-04-14 16:40:46,040 - pyswarms.single.global_best - INFO - Optimize for 1000 iters with {'c1': 0.5, 'c2': 0.3, 'w': 0.9}
2026-04-14 16:55:56,983 - pyswarms.single.global_best - INFO - Optimize for 1000 iters with {'c1': 0.5, 'c2': 0.3, 'w': 0.9}
2026-04-14 17:44:51,351 - pyswarms.single.global_best - INFO - Optimize for 1000 iters with {'c1': 0.5, 'c2': 0.3, 'w': 0.9}
2026-04-14 18:07:54,407 - pyswarms.single.global_best - INFO - Optimize for 1000 iters with {'c1': 0.5, 'c2': 2.5, 'w': 0.5}
2026-04-14 20:54:02,254 - pyswarms.single.global_best - INFO - Optimize for 1000 iters with {'c1': 0.5, 'c2': 2.5, 'w': 0.5}
2026-04-14 21:10:45,448 - pyswarms.single.global_best - INFO - Optimize for 1000 iters with {'c1': 0.5, 'c2': 2.5, 'w': 0.5}
2026-04-15 02:28:06,154 - pyswarms.single.global_best - INFO - Optimization finished | best cost: -2069827811799.2812, best pos: [0.84742834 0.1900592  0.65648133]
2026-04-15 11:02:01,381 - pyswarms.single.global_best - INFO - Optimize for 1000 iters with {'c1': 0.5, 'c2': 2.5, 'w': 0.5}
2026-04-15 11:30:33,560 - pyswarms.single.global_best - INFO - Optimize for 1000 iters with {'c1': 0.5, 'c2': 2.5, 'w': 0.5}
2026-04-15 11:39:39,113 - pyswarms.single.global_best - INFO - Optimize for 1000 iters with {'c1': 0.5, 'c2': 2.5, 'w': 0.5}
2026-04-15 11:40:49,537 - pyswarms.single.global_best - INFO - Optimize for 1000 iters with {'c1': 0.5, 'c2': 2.5, 'w': 0.5}
2026-04-15 13:22:53,785 - pyswarms.single.global_best - INFO - Optimize for 1000 iters with {'c1': 0.5, 'c2': 2.5, 'w': 0.5}
2026-04-15 13:24:24,721 - pyswarms.single.global_best - INFO - Optimize for 1000 iters with {'c1': 0.5, 'c2': 2.5, 'w': 0.5}
2026-04-15 13:26:22,441 - pyswarms.single.global_best - INFO - Optimize for 1000 iters with {'c1': 0.5, 'c2': 2.5, 'w': 0.5}
2026-04-15 13:32:11,320 - pyswarms.single.global_best - INFO - Optimize for 1000 iters with {'c1': 0.5, 'c2': 2.5, 'w': 0.5}
2026-04-15 13:32:18,542 - pyswarms.single.global_best - INFO - Optimize for 1000 iters with {'c1': 0.5, 'c2': 2.5, 'w': 0.5}
2026-04-15 13:32:46,553 - pyswarms.single.global_best - INFO - Optimize for 1000 iters with {'c1': 0.5, 'c2': 2.5, 'w': 0.5}
2026-04-15 13:33:47,048 - pyswarms.single.global_best - INFO - Optimize for 1000 iters with {'c1': 0.5, 'c2': 2.5, 'w': 0.5}
2026-04-15 13:34:12,905 - pyswarms.single.global_best - INFO - Optimize for 1000 iters with {'c1': 0.5, 'c2': 2.5, 'w': 0.5}
2026-04-15 13:34:43,755 - pyswarms.single.global_best - INFO - Optimize for 1000 iters with {'c1': 0.5, 'c2': 2.5, 'w': 0.5}
2026-04-15 13:36:31,881 - pyswarms.single.global_best - INFO - Optimize for 1000 iters with {'c1': 0.5, 'c2': 2.5, 'w': 0.5}
2026-04-15 15:56:48,092 - pyswarms.single.global_best - INFO - Optimize for 1000 iters with {'c1': 0.5, 'c2': 2.5, 'w': 0.5}
2026-04-15 22:20:47,959 - pyswarms.single.global_best - INFO - Optimize for 1000 iters with {'c1': 0.5, 'c2': 2.5, 'w': 0.5}
2026-04-30 11:22:39,475 - pyswarms.single.global_best - INFO - Optimize for 1000 iters with {'c1': 0.5, 'c2': 2.5, 'w': 0.5}
2026-04-30 11:23:19,853 - pyswarms.single.global_best - INFO - Optimize for 1000 iters with {'c1': 0.5, 'c2': 2.5, 'w': 0.5}
2026-04-30 11:24:29,033 - pyswarms.single.global_best - INFO - Optimize for 1000 iters with {'c1': 0.5, 'c2': 2.5, 'w': 0.5}
2026-04-30 11:24:43,374 - pyswarms.single.global_best - INFO - Optimize for 1000 iters with {'c1': 0.5, 'c2': 2.5, 'w': 0.5}
2026-04-30 11:24:46,087 - pyswarms.single.global_best - INFO - Optimization finished | best cost: 0.35177964670272577, best pos: [0.00444706]
2026-04-30 11:25:13,507 - pyswarms.single.global_best - INFO - Optimize for 1000 iters with {'c1': 0.5, 'c2': 2.5, 'w': 0.5}
2026-04-30 11:25:15,413 - pyswarms.single.global_best - INFO - Optimization finished | best cost: 0.35166298210706526, best pos: [3.25684923]
2026-04-30 11:26:09,873 - pyswarms.single.global_best - INFO - Optimize for 1000 iters with {'c1': 0.5, 'c2': 2.5, 'w': 0.5}
2026-04-30 11:26:11,787 - pyswarms.single.global_best - INFO - Optimization finished | best cost: 0.35179194796266067, best pos: [1.72532118]
2026-04-30 11:27:23,510 - pyswarms.single.global_best - INFO - Optimize for 1000 iters with {'c1': 0.5, 'c2': 2.5, 'w': 0.5}
2026-04-30 11:27:26,935 - pyswarms.single.global_best - INFO - Optimization finished | best cost: 0.014851465001533157, best pos: [1.64152182]
2026-04-30 11:27:51,073 - pyswarms.single.global_best - INFO - Optimize for 1000 iters with {'c1': 0.5, 'c2': 2.5, 'w': 0.5}
2026-04-30 11:27:52,939 - pyswarms.single.global_best - INFO - Optimization finished | best cost: 0.3797873038493983, best pos: [7.07574512]
2026-04-30 11:28:48,926 - pyswarms.single.global_best - INFO - Optimize for 1000 iters with {'c1': 0.5, 'c2': 2.5, 'w': 0.5}
2026-04-30 11:28:51,105 - pyswarms.single.global_best - INFO - Optimization finished | best cost: 0.04026349745712224, best pos: [4.50527074]
2026-04-30 11:30:20,591 - pyswarms.single.global_best - INFO - Optimize for 1000 iters with {'c1': 0.5, 'c2': 2.5, 'w': 0.5}
2026-04-30 11:30:22,492 - pyswarms.single.global_best - INFO - Optimization finished | best cost: 0.04026349753671024, best pos: [6.51496572]
2026-04-30 11:30:26,189 - pyswarms.single.global_best - INFO - Optimize for 1000 iters with {'c1': 0.5, 'c2': 2.5, 'w': 0.5}
2026-04-30 11:30:28,193 - pyswarms.single.global_best - INFO - Optimization finished | best cost: 0.0010714843041992207, best pos: [0.45360564]
2026-04-30 11:31:54,849 - pyswarms.single.global_best - INFO - Optimize for 1000 iters with {'c1': 0.5, 'c2': 2.5, 'w': 0.5}
2026-04-30 11:31:57,026 - pyswarms.single.global_best - INFO - Optimization finished | best cost: 6.547181237896263e-06, best pos: [6.80793579]
2026-04-30 11:32:09,184 - pyswarms.single.global_best - INFO - Optimize for 1000 iters with {'c1': 0.5, 'c2': 2.5, 'w': 0.5}
2026-04-30 11:32:11,316 - pyswarms.single.global_best - INFO - Optimization finished | best cost: 0.0, best pos: [1.11063543]
2026-04-30 11:33:37,086 - pyswarms.single.global_best - INFO - Optimize for 1000 iters with {'c1': 0.5, 'c2': 2.5, 'w': 0.5}
2026-04-30 11:33:39,082 - pyswarms.single.global_best - INFO - Optimization finished | best cost: 0.04026349915668992, best pos: [2.96887898]
2026-04-30 11:34:24,666 - pyswarms.single.global_best - INFO - Optimize for 1000 iters with {'c1': 0.5, 'c2': 2.5, 'w': 0.5}
2026-04-30 11:34:26,785 - pyswarms.single.global_best - INFO - Optimization finished | best cost: 0.020958032652909936, best pos: [7.36613658]
2026-04-30 11:34:33,370 - pyswarms.single.global_best - INFO - Optimize for 1000 iters with {'c1': 0.5, 'c2': 2.5, 'w': 0.5}
2026-04-30 11:34:35,787 - pyswarms.single.global_best - INFO - Optimization finished | best cost: 0.0, best pos: [6.36372736]
2026-04-30 11:36:43,124 - pyswarms.single.global_best - INFO - Optimize for 1000 iters with {'c1': 0.5, 'c2': 2.5, 'w': 0.5}
2026-04-30 11:36:45,041 - pyswarms.single.global_best - INFO - Optimization finished | best cost: 7.97048283712995e-20, best pos: [1.88530823]
2026-04-30 11:36:55,413 - pyswarms.single.global_best - INFO - Optimize for 1000 iters with {'c1': 0.5, 'c2': 2.5, 'w': 0.5}
2026-04-30 11:36:57,499 - pyswarms.single.global_best - INFO - Optimization finished | best cost: 5.53946999490526e-16, best pos: [0.88791403]
2026-04-30 11:37:19,753 - pyswarms.single.global_best - INFO - Optimize for 1000 iters with {'c1': 0.5, 'c2': 2.5, 'w': 0.5}
2026-04-30 11:37:21,802 - pyswarms.single.global_best - INFO - Optimization finished | best cost: 5.282535217238968e-292, best pos: [0.58566045]
2026-04-30 11:37:50,383 - pyswarms.single.global_best - INFO - Optimize for 1000 iters with {'c1': 0.5, 'c2': 2.5, 'w': 0.5}
2026-04-30 11:37:52,330 - pyswarms.single.global_best - INFO - Optimization finished | best cost: 0.0, best pos: [2.55568283]
2026-04-30 11:38:49,756 - pyswarms.single.global_best - INFO - Optimize for 1000 iters with {'c1': 0.5, 'c2': 0.3, 'w': 0.9}
2026-04-30 11:38:51,746 - pyswarms.single.global_best - INFO - Optimization finished | best cost: 0.40138942177892645, best pos: [8.38700445]
2026-04-30 11:41:24,731 - pyswarms.single.global_best - INFO - Optimize for 1000 iters with {'c1': 0.5, 'c2': 0.3, 'w': 0.9}
2026-04-30 11:41:26,706 - pyswarms.single.global_best - INFO - Optimization finished | best cost: -0.13308204847867325, best pos: [5.67973354]
2026-04-30 11:41:39,640 - pyswarms.single.global_best - INFO - Optimize for 1000 iters with {'c1': 0.5, 'c2': 0.3, 'w': 0.9}
2026-04-30 11:41:41,807 - pyswarms.single.global_best - INFO - Optimization finished | best cost: -0.1278297025006936, best pos: [2.83406801]
